<?xml version="1.0" encoding="UTF-8"?>
<testng-results ignored="0" total="1" passed="1" failed="0" skipped="0">
  <reporter-output>
  </reporter-output>
  <suite started-at="2018-11-06T14:33:31Z" name="Command line suite" finished-at="2018-11-06T14:33:31Z" duration-ms="22">
    <groups>
    </groups>
    <test started-at="2018-11-06T14:33:31Z" name="Command line test" finished-at="2018-11-06T14:33:31Z" duration-ms="22">
      <class name="com.wellQ.tests.SampleTest">
        <test-method signature="shouldPass()[pri:0, instance:com.wellQ.tests.SampleTest@1677d1]" started-at="2018-11-06T16:33:31Z" name="shouldPass" finished-at="2018-11-06T16:33:31Z" duration-ms="5" status="PASS">
          <reporter-output>
          </reporter-output>
        </test-method> <!-- shouldPass -->
      </class> <!-- com.wellQ.tests.SampleTest -->
    </test> <!-- Command line test -->
  </suite> <!-- Command line suite -->
</testng-results>
