<?xml version="1.0" encoding="UTF-8"?>
<testng-results ignored="0" total="1" passed="1" failed="0" skipped="0">
  <reporter-output>
  </reporter-output>
  <suite started-at="2018-11-06T16:31:04Z" name="com.wellQ.tests.validateLoginFunctionalityTest" finished-at="2018-11-06T16:31:15Z" duration-ms="10730">
    <groups>
    </groups>
    <test started-at="2018-11-06T16:31:04Z" name="Command line test" finished-at="2018-11-06T16:31:15Z" duration-ms="10730">
      <class name="com.wellQ.tests.validateLoginFunctionalityTest">
        <test-method is-config="true" signature="setUp()[pri:0, instance:com.wellQ.tests.validateLoginFunctionalityTest@2b6faea6]" started-at="2018-11-06T18:31:04Z" name="setUp" finished-at="2018-11-06T18:31:06Z" duration-ms="1711" status="PASS">
          <reporter-output>
          </reporter-output>
        </test-method> <!-- setUp -->
        <test-method signature="validateLoginFunctionality()[pri:0, instance:com.wellQ.tests.validateLoginFunctionalityTest@2b6faea6]" started-at="2018-11-06T18:31:06Z" name="validateLoginFunctionality" finished-at="2018-11-06T18:31:15Z" duration-ms="8911" status="PASS">
          <reporter-output>
          </reporter-output>
        </test-method> <!-- validateLoginFunctionality -->
        <test-method is-config="true" signature="tearDown()[pri:0, instance:com.wellQ.tests.validateLoginFunctionalityTest@2b6faea6]" started-at="2018-11-06T18:31:15Z" name="tearDown" finished-at="2018-11-06T18:31:15Z" duration-ms="89" status="PASS">
          <reporter-output>
          </reporter-output>
        </test-method> <!-- tearDown -->
      </class> <!-- com.wellQ.tests.validateLoginFunctionalityTest -->
    </test> <!-- Command line test -->
  </suite> <!-- com.wellQ.tests.validateLoginFunctionalityTest -->
</testng-results>
